<?xml version="1.0" encoding="UTF-8"?>
<!-- Generated by org.testng.reporters.JUnitReportReporter -->
<testsuite hostname="DESKTOP-77BS3L0" failures="0" tests="23" name="testScenarios.LiveSupportGSD" time="63.201" errors="0" timestamp="04 Jul 2022 07:16:36 GMT" skipped="0">
  <testcase classname="testScenarios.LiveSupportGSD" name="testCaseReadExcel" time="1.144"/>
  <testcase classname="testScenarios.LiveSupportGSD" name="enterEmail" time="0.573"/>
  <testcase classname="testScenarios.LiveSupportGSD" name="clickNext" time="0.081"/>
  <testcase classname="testScenarios.LiveSupportGSD" name="enterPassword" time="1.575"/>
  <testcase classname="testScenarios.LiveSupportGSD" name="clickSignIn" time="0.788"/>
  <testcase classname="testScenarios.LiveSupportGSD" name="verificationMethod" time="0.057"/>
  <testcase classname="testScenarios.LiveSupportGSD" name="enterOTP" time="12.337"/>
  <testcase classname="testScenarios.LiveSupportGSD" name="clickVerify" time="0.404"/>
  <testcase classname="testScenarios.LiveSupportGSD" name="clickStaySignedIn" time="7.186"/>
  <testcase classname="testScenarios.LiveSupportGSD" name="getUserInfo" time="0.202"/>
  <testcase classname="testScenarios.LiveSupportGSD" name="enterSearchBox" time="0.429"/>
  <testcase classname="testScenarios.LiveSupportGSD" name="clickSearchBox" time="0.310"/>
  <testcase classname="testScenarios.LiveSupportGSD" name="clickResult" time="0.940"/>
  <testcase classname="testScenarios.LiveSupportGSD" name="switchWindowHandle" time="2.879"/>
  <testcase classname="testScenarios.LiveSupportGSD" name="switchIFrame" time="30.200"/>
  <testcase classname="testScenarios.LiveSupportGSD" name="clickCountryMenu" time="0.329"/>
  <testcase classname="testScenarios.LiveSupportGSD" name="clickCountry" time="3.300"/>
  <testcase classname="testScenarios.LiveSupportGSD" name="getHeadersOfServices" time="0.053"/>
  <testcase classname="testScenarios.LiveSupportGSD" name="getFirstServiceList" time="0.085"/>
  <testcase classname="testScenarios.LiveSupportGSD" name="getSecondServiceList" time="0.075"/>
  <testcase classname="testScenarios.LiveSupportGSD" name="getThirdServiceList" time="0.083"/>
  <testcase classname="testScenarios.LiveSupportGSD" name="getFourthServiceList" time="0.148"/>
  <testcase classname="testScenarios.LiveSupportGSD" name="logGSDServices" time="0.023"/>
</testsuite> <!-- testScenarios.LiveSupportGSD -->
